<?xml version="1.0" encoding="UTF-8"?>
<!-- Generated by org.testng.reporters.JUnitReportReporter -->
<testsuite skipped="0" hostname="LAPTOP-354O6RMQ" name="bookingAPIsTestCases.GetBookingIds" tests="1" failures="0" timestamp="2021-01-26T09:14:50 AEDT" time="0.008" errors="0">
  <testcase name="testGetBookingIDs" time="0.008" classname="bookingAPIsTestCases.GetBookingIds"/>
</testsuite> <!-- bookingAPIsTestCases.GetBookingIds -->
