<?xml version="1.0" encoding="UTF-8"?>
<!-- Generated by org.testng.reporters.JUnitReportReporter -->
<testsuite skipped="0" hostname="LAPTOP-354O6RMQ" name="TestCases.CreateEmployee" tests="1" failures="0" timestamp="2021-01-13T19:21:52 AEDT" time="0.006" errors="0">
  <testcase name="testCreateEmployee" time="0.006" classname="TestCases.CreateEmployee"/>
  <system-out/>
</testsuite> <!-- TestCases.CreateEmployee -->
