<?xml version="1.0" encoding="UTF-8"?>
<!-- Generated by org.testng.reporters.JUnitReportReporter -->
<testsuite skipped="0" hostname="LAPTOP-354O6RMQ" name="employeeAPIsTestCases.CreateEmployee" tests="1" failures="0" timestamp="2021-01-26T09:14:50 AEDT" time="0.001" errors="0">
  <testcase name="testCreateEmployee" time="0.001" classname="employeeAPIsTestCases.CreateEmployee"/>
</testsuite> <!-- employeeAPIsTestCases.CreateEmployee -->
