<?xml version="1.0" encoding="UTF-8"?>
<!-- Generated by org.testng.reporters.JUnitReportReporter -->
<testsuite skipped="0" hostname="LAPTOP-354O6RMQ" name="restassured.GetRequest" tests="2" failures="0" timestamp="2020-12-26T17:35:58 AEDT" time="5.267" errors="0">
  <testcase name="testGetBookingIDs" time="1.279" classname="restassured.GetRequest"/>
  <system-out/>
  <testcase name="testGetBookingID" time="3.988" classname="restassured.GetRequest"/>
  <system-out/>
</testsuite> <!-- restassured.GetRequest -->
