<?xml version="1.0" encoding="UTF-8"?>
<!-- Generated by org.testng.reporters.JUnitReportReporter -->
<testsuite skipped="0" hostname="LAPTOP-354O6RMQ" name="bookingAPIsTestCases.CreateBooking" tests="1" failures="0" timestamp="2021-01-26T09:14:50 AEDT" time="0.002" errors="0">
  <testcase name="testBooking" time="0.002" classname="bookingAPIsTestCases.CreateBooking"/>
</testsuite> <!-- bookingAPIsTestCases.CreateBooking -->
