<?xml version="1.0" encoding="UTF-8"?>
<!-- Generated by org.testng.reporters.JUnitReportReporter -->
<testsuite skipped="0" hostname="LAPTOP-354O6RMQ" name="TestCases.GetBookingIds" tests="1" failures="0" timestamp="2021-01-13T19:21:52 AEDT" time="0.026" errors="0">
  <testcase name="testGetBookingIDs" time="0.026" classname="TestCases.GetBookingIds"/>
  <system-out/>
</testsuite> <!-- TestCases.GetBookingIds -->
