<?xml version="1.0" encoding="UTF-8"?>
<!-- Generated by org.testng.reporters.JUnitReportReporter -->
<testsuite skipped="0" hostname="LAPTOP-354O6RMQ" name="TestCases.CreateAuthToken" tests="1" failures="0" timestamp="2020-12-27T12:41:41 AEDT" time="0.002" errors="0">
  <testcase name="testPostCreateToken" time="0.002" classname="TestCases.CreateAuthToken"/>
  <system-out/>
</testsuite> <!-- TestCases.CreateAuthToken -->
