<?xml version="1.0" encoding="UTF-8"?>
<!-- Generated by org.testng.reporters.JUnitReportReporter -->
<testsuite skipped="0" hostname="LAPTOP-354O6RMQ" name="coopAPIsTestCases.UnlockBarn" tests="2" failures="0" timestamp="2021-01-26T10:37:23 AEDT" time="0.053" errors="0">
  <testcase name="testStatusCode" time="0.003" classname="coopAPIsTestCases.UnlockBarn"/>
  <testcase name="testAction" time="0.050" classname="coopAPIsTestCases.UnlockBarn"/>
</testsuite> <!-- coopAPIsTestCases.UnlockBarn -->
