<?xml version="1.0" encoding="UTF-8"?>
<!-- Generated by org.testng.reporters.JUnitReportReporter -->
<testsuite skipped="0" hostname="LAPTOP-354O6RMQ" name="booking.CreateBooking" tests="1" failures="0" timestamp="2021-01-25T18:59:00 AEDT" time="0.015" errors="0">
  <testcase name="testBooking" time="0.015" classname="booking.CreateBooking"/>
</testsuite> <!-- booking.CreateBooking -->
