<?xml version="1.0" encoding="UTF-8"?>
<!-- Generated by org.testng.reporters.JUnitReportReporter -->
<testsuite skipped="0" hostname="LAPTOP-354O6RMQ" name="bookingAPIsTestCases.GetBookingID" tests="1" failures="0" timestamp="2021-01-26T09:14:50 AEDT" time="0.001" errors="0">
  <testcase name="testGetBookingID" time="0.001" classname="bookingAPIsTestCases.GetBookingID"/>
</testsuite> <!-- bookingAPIsTestCases.GetBookingID -->
