<?xml version="1.0" encoding="UTF-8"?>
<!-- Generated by org.testng.reporters.JUnitReportReporter -->
<testsuite skipped="0" hostname="LAPTOP-354O6RMQ" name="TestCases.GetBookingID" tests="1" failures="0" timestamp="2020-12-27T12:41:41 AEDT" time="0.001" errors="0">
  <testcase name="testGetBookingID" time="0.001" classname="TestCases.GetBookingID"/>
  <system-out/>
</testsuite> <!-- TestCases.GetBookingID -->
