<?xml version="1.0" encoding="UTF-8"?>
<!-- Generated by org.testng.reporters.JUnitReportReporter -->
<testsuite skipped="0" hostname="LAPTOP-354O6RMQ" name="bookingTestCases.CreateBooking" tests="1" failures="0" timestamp="2021-01-26T09:06:51 AEDT" time="0.015" errors="0">
  <testcase name="testBooking" time="0.015" classname="bookingTestCases.CreateBooking"/>
</testsuite> <!-- bookingTestCases.CreateBooking -->
