<?xml version="1.0" encoding="UTF-8"?>
<!-- Generated by org.testng.reporters.JUnitReportReporter -->
<testsuite skipped="0" hostname="LAPTOP-354O6RMQ" name="TestCases.GetBookingIds" tests="1" failures="0" timestamp="2020-12-27T12:41:41 AEDT" time="0.011" errors="0">
  <testcase name="testGetBookingIDs" time="0.011" classname="TestCases.GetBookingIds"/>
  <system-out/>
</testsuite> <!-- TestCases.GetBookingIds -->
