<?xml version="1.0" encoding="UTF-8"?>
<!-- Generated by org.testng.reporters.JUnitReportReporter -->
<testsuite skipped="0" hostname="LAPTOP-354O6RMQ" name="restassured.PostRequest" tests="2" failures="0" timestamp="2020-12-26T17:59:04 AEDT" time="6.142" errors="0">
  <testcase name="testPostCreateToken" time="4.766" classname="restassured.PostRequest"/>
  <system-out/>
  <testcase name="testpostBooking" time="1.376" classname="restassured.PostRequest"/>
  <system-out/>
</testsuite> <!-- restassured.PostRequest -->
